Analysis & Synthesis report for frequency_rd
Tue May 04 14:40:06 2021
Quartus II 64-Bit Version 13.0.1 Build 232 06/12/2013 Service Pack 1 SJ Web Edition


---------------------
; Table of Contents ;
---------------------
  1. Legal Notice
  2. Analysis & Synthesis Summary
  3. Analysis & Synthesis Settings
  4. Parallel Compilation
  5. Analysis & Synthesis Source Files Read
  6. Analysis & Synthesis Resource Usage Summary
  7. Analysis & Synthesis Resource Utilization by Entity
  8. General Register Statistics
  9. Inverted Register Statistics
 10. Multiplexer Restructuring Statistics (Restructuring Performed)
 11. Elapsed Time Per Partition
 12. Analysis & Synthesis Messages



----------------
; Legal Notice ;
----------------
Copyright (C) 1991-2013 Altera Corporation
Your use of Altera Corporation's design tools, logic functions 
and other software and tools, and its AMPP partner logic 
functions, and any output files from any of the foregoing 
(including device programming or simulation files), and any 
associated documentation or information are expressly subject 
to the terms and conditions of the Altera Program License 
Subscription Agreement, Altera MegaCore Function License 
Agreement, or other applicable license agreement, including, 
without limitation, that your use is for the sole purpose of 
programming logic devices manufactured by Altera and sold by 
Altera or its authorized distributors.  Please refer to the 
applicable agreement for further details.



+--------------------------------------------------------------------------------------+
; Analysis & Synthesis Summary                                                         ;
+------------------------------------+-------------------------------------------------+
; Analysis & Synthesis Status        ; Successful - Tue May 04 14:40:06 2021           ;
; Quartus II 64-Bit Version          ; 13.0.1 Build 232 06/12/2013 SP 1 SJ Web Edition ;
; Revision Name                      ; frequency_rd                                    ;
; Top-level Entity Name              ; frequency_rd                                    ;
; Family                             ; Cyclone IV E                                    ;
; Total logic elements               ; 118                                             ;
;     Total combinational functions  ; 117                                             ;
;     Dedicated logic registers      ; 34                                              ;
; Total registers                    ; 34                                              ;
; Total pins                         ; 47                                              ;
; Total virtual pins                 ; 0                                               ;
; Total memory bits                  ; 0                                               ;
; Embedded Multiplier 9-bit elements ; 0                                               ;
; Total PLLs                         ; 0                                               ;
+------------------------------------+-------------------------------------------------+


+----------------------------------------------------------------------------------------------------------------------+
; Analysis & Synthesis Settings                                                                                        ;
+----------------------------------------------------------------------------+--------------------+--------------------+
; Option                                                                     ; Setting            ; Default Value      ;
+----------------------------------------------------------------------------+--------------------+--------------------+
; Top-level entity name                                                      ; frequency_rd       ; frequency_rd       ;
; Family name                                                                ; Cyclone IV E       ; Cyclone IV GX      ;
; Use smart compilation                                                      ; Off                ; Off                ;
; Enable parallel Assembler and TimeQuest Timing Analyzer during compilation ; On                 ; On                 ;
; Enable compact report table                                                ; Off                ; Off                ;
; Restructure Multiplexers                                                   ; Auto               ; Auto               ;
; Create Debugging Nodes for IP Cores                                        ; Off                ; Off                ;
; Preserve fewer node names                                                  ; On                 ; On                 ;
; Disable OpenCore Plus hardware evaluation                                  ; Off                ; Off                ;
; Verilog Version                                                            ; Verilog_2001       ; Verilog_2001       ;
; VHDL Version                                                               ; VHDL_1993          ; VHDL_1993          ;
; State Machine Processing                                                   ; Auto               ; Auto               ;
; Safe State Machine                                                         ; Off                ; Off                ;
; Extract Verilog State Machines                                             ; On                 ; On                 ;
; Extract VHDL State Machines                                                ; On                 ; On                 ;
; Ignore Verilog initial constructs                                          ; Off                ; Off                ;
; Iteration limit for constant Verilog loops                                 ; 5000               ; 5000               ;
; Iteration limit for non-constant Verilog loops                             ; 250                ; 250                ;
; Add Pass-Through Logic to Inferred RAMs                                    ; On                 ; On                 ;
; Infer RAMs from Raw Logic                                                  ; On                 ; On                 ;
; Parallel Synthesis                                                         ; On                 ; On                 ;
; DSP Block Balancing                                                        ; Auto               ; Auto               ;
; NOT Gate Push-Back                                                         ; On                 ; On                 ;
; Power-Up Don't Care                                                        ; On                 ; On                 ;
; Remove Redundant Logic Cells                                               ; Off                ; Off                ;
; Remove Duplicate Registers                                                 ; On                 ; On                 ;
; Ignore CARRY Buffers                                                       ; Off                ; Off                ;
; Ignore CASCADE Buffers                                                     ; Off                ; Off                ;
; Ignore GLOBAL Buffers                                                      ; Off                ; Off                ;
; Ignore ROW GLOBAL Buffers                                                  ; Off                ; Off                ;
; Ignore LCELL Buffers                                                       ; Off                ; Off                ;
; Ignore SOFT Buffers                                                        ; On                 ; On                 ;
; Limit AHDL Integers to 32 Bits                                             ; Off                ; Off                ;
; Optimization Technique                                                     ; Balanced           ; Balanced           ;
; Carry Chain Length                                                         ; 70                 ; 70                 ;
; Auto Carry Chains                                                          ; On                 ; On                 ;
; Auto Open-Drain Pins                                                       ; On                 ; On                 ;
; Perform WYSIWYG Primitive Resynthesis                                      ; Off                ; Off                ;
; Auto ROM Replacement                                                       ; On                 ; On                 ;
; Auto RAM Replacement                                                       ; On                 ; On                 ;
; Auto DSP Block Replacement                                                 ; On                 ; On                 ;
; Auto Shift Register Replacement                                            ; Auto               ; Auto               ;
; Allow Shift Register Merging across Hierarchies                            ; Auto               ; Auto               ;
; Auto Clock Enable Replacement                                              ; On                 ; On                 ;
; Strict RAM Replacement                                                     ; Off                ; Off                ;
; Allow Synchronous Control Signals                                          ; On                 ; On                 ;
; Force Use of Synchronous Clear Signals                                     ; Off                ; Off                ;
; Auto RAM Block Balancing                                                   ; On                 ; On                 ;
; Auto RAM to Logic Cell Conversion                                          ; Off                ; Off                ;
; Auto Resource Sharing                                                      ; Off                ; Off                ;
; Allow Any RAM Size For Recognition                                         ; Off                ; Off                ;
; Allow Any ROM Size For Recognition                                         ; Off                ; Off                ;
; Allow Any Shift Register Size For Recognition                              ; Off                ; Off                ;
; Use LogicLock Constraints during Resource Balancing                        ; On                 ; On                 ;
; Ignore translate_off and synthesis_off directives                          ; Off                ; Off                ;
; Timing-Driven Synthesis                                                    ; On                 ; On                 ;
; Report Parameter Settings                                                  ; On                 ; On                 ;
; Report Source Assignments                                                  ; On                 ; On                 ;
; Report Connectivity Checks                                                 ; On                 ; On                 ;
; Ignore Maximum Fan-Out Assignments                                         ; Off                ; Off                ;
; Synchronization Register Chain Length                                      ; 2                  ; 2                  ;
; PowerPlay Power Optimization                                               ; Normal compilation ; Normal compilation ;
; HDL message level                                                          ; Level2             ; Level2             ;
; Suppress Register Optimization Related Messages                            ; Off                ; Off                ;
; Number of Removed Registers Reported in Synthesis Report                   ; 5000               ; 5000               ;
; Number of Swept Nodes Reported in Synthesis Report                         ; 5000               ; 5000               ;
; Number of Inverted Registers Reported in Synthesis Report                  ; 100                ; 100                ;
; Clock MUX Protection                                                       ; On                 ; On                 ;
; Auto Gated Clock Conversion                                                ; Off                ; Off                ;
; Block Design Naming                                                        ; Auto               ; Auto               ;
; SDC constraint protection                                                  ; Off                ; Off                ;
; Synthesis Effort                                                           ; Auto               ; Auto               ;
; Shift Register Replacement - Allow Asynchronous Clear Signal               ; On                 ; On                 ;
; Pre-Mapping Resynthesis Optimization                                       ; Off                ; Off                ;
; Analysis & Synthesis Message Level                                         ; Medium             ; Medium             ;
; Disable Register Merging Across Hierarchies                                ; Auto               ; Auto               ;
; Resource Aware Inference For Block RAM                                     ; On                 ; On                 ;
; Synthesis Seed                                                             ; 1                  ; 1                  ;
+----------------------------------------------------------------------------+--------------------+--------------------+


Parallel compilation was disabled, but you have multiple processors available. Enable parallel compilation to reduce compilation time.
+-------------------------------------+
; Parallel Compilation                ;
+----------------------------+--------+
; Processors                 ; Number ;
+----------------------------+--------+
; Number detected on machine ; 4      ;
; Maximum allowed            ; 1      ;
+----------------------------+--------+


+----------------------------------------------------------------------------------------------------------------------------------------------------------------------------------------+
; Analysis & Synthesis Source Files Read                                                                                                                                                 ;
+----------------------------------+-----------------+------------------------------------+------------------------------------------------------------------------------------+---------+
; File Name with User-Entered Path ; Used in Netlist ; File Type                          ; File Name with Absolute Path                                                       ; Library ;
+----------------------------------+-----------------+------------------------------------+------------------------------------------------------------------------------------+---------+
; frequency_rd.bdf                 ; yes             ; User Block Diagram/Schematic File  ; C:/Users/SM2A/Documents/ModelSim Projects/lab2_Q/frequency rd/frequency_rd.bdf     ;         ;
; frequeny_regulator.v             ; yes             ; User Verilog HDL File              ; C:/Users/SM2A/Documents/ModelSim Projects/lab2_Q/frequency rd/frequeny_regulator.v ;         ;
; 7476.bdf                         ; yes             ; Megafunction                       ; c:/altera/13.0sp1/quartus/libraries/others/maxplus2/7476.bdf                       ;         ;
; 74193.bdf                        ; yes             ; Megafunction                       ; c:/altera/13.0sp1/quartus/libraries/others/maxplus2/74193.bdf                      ;         ;
+----------------------------------+-----------------+------------------------------------+------------------------------------------------------------------------------------+---------+


+-----------------------------------------------------------+
; Analysis & Synthesis Resource Usage Summary               ;
+---------------------------------------------+-------------+
; Resource                                    ; Usage       ;
+---------------------------------------------+-------------+
; Estimated Total logic elements              ; 118         ;
;                                             ;             ;
; Total combinational functions               ; 117         ;
; Logic element usage by number of LUT inputs ;             ;
;     -- 4 input functions                    ; 25          ;
;     -- 3 input functions                    ; 25          ;
;     -- <=2 input functions                  ; 67          ;
;                                             ;             ;
; Logic elements by mode                      ;             ;
;     -- normal mode                          ; 73          ;
;     -- arithmetic mode                      ; 44          ;
;                                             ;             ;
; Total registers                             ; 34          ;
;     -- Dedicated logic registers            ; 34          ;
;     -- I/O registers                        ; 0           ;
;                                             ;             ;
; I/O pins                                    ; 47          ;
; Embedded Multiplier 9-bit elements          ; 0           ;
; Maximum fan-out node                        ; clk_r~input ;
; Maximum fan-out                             ; 25          ;
; Total fan-out                               ; 511         ;
; Average fan-out                             ; 2.09        ;
+---------------------------------------------+-------------+


+-----------------------------------------------------------------------------------------------------------------------------------------------------------------------------------------------------+
; Analysis & Synthesis Resource Utilization by Entity                                                                                                                                                 ;
+--------------------------------+-------------------+--------------+-------------+--------------+---------+-----------+------+--------------+-----------------------------------------+--------------+
; Compilation Hierarchy Node     ; LC Combinationals ; LC Registers ; Memory Bits ; DSP Elements ; DSP 9x9 ; DSP 18x18 ; Pins ; Virtual Pins ; Full Hierarchy Name                     ; Library Name ;
+--------------------------------+-------------------+--------------+-------------+--------------+---------+-----------+------+--------------+-----------------------------------------+--------------+
; |frequency_rd                  ; 117 (1)           ; 34 (0)       ; 0           ; 0            ; 0       ; 0         ; 47   ; 0            ; |frequency_rd                           ; work         ;
;    |74193:inst1|               ; 16 (16)           ; 4 (4)        ; 0           ; 0            ; 0       ; 0         ; 0    ; 0            ; |frequency_rd|74193:inst1               ; work         ;
;    |74193:inst|                ; 16 (16)           ; 4 (4)        ; 0           ; 0            ; 0       ; 0         ; 0    ; 0            ; |frequency_rd|74193:inst                ; work         ;
;    |7476:inst3|                ; 1 (1)             ; 1 (1)        ; 0           ; 0            ; 0       ; 0         ; 0    ; 0            ; |frequency_rd|7476:inst3                ; work         ;
;    |frequency_regulator:inst2| ; 83 (83)           ; 25 (25)      ; 0           ; 0            ; 0       ; 0         ; 0    ; 0            ; |frequency_rd|frequency_regulator:inst2 ; work         ;
+--------------------------------+-------------------+--------------+-------------+--------------+---------+-----------+------+--------------+-----------------------------------------+--------------+
Note: For table entries with two numbers listed, the numbers in parentheses indicate the number of resources of the given type used by the specific entity alone. The numbers listed outside of parentheses indicate the total resources of the given type used by the specific entity and all of its sub-entities in the hierarchy.


+------------------------------------------------------+
; General Register Statistics                          ;
+----------------------------------------------+-------+
; Statistic                                    ; Value ;
+----------------------------------------------+-------+
; Total registers                              ; 34    ;
; Number of registers using Synchronous Clear  ; 0     ;
; Number of registers using Synchronous Load   ; 0     ;
; Number of registers using Asynchronous Clear ; 34    ;
; Number of registers using Asynchronous Load  ; 0     ;
; Number of registers using Clock Enable       ; 23    ;
; Number of registers using Preset             ; 0     ;
+----------------------------------------------+-------+


+----------------------------------------------------+
; Inverted Register Statistics                       ;
+------------------------------------------+---------+
; Inverted Register                        ; Fan out ;
+------------------------------------------+---------+
; frequency_regulator:inst2|adjustedDiv[6] ; 5       ;
; frequency_regulator:inst2|adjustedDiv[5] ; 5       ;
; frequency_regulator:inst2|adjustedDiv[4] ; 5       ;
; frequency_regulator:inst2|adjustedDiv[3] ; 5       ;
; frequency_regulator:inst2|adjustedDiv[2] ; 5       ;
; frequency_regulator:inst2|adjustedDiv[1] ; 5       ;
; frequency_regulator:inst2|adjustedDiv[0] ; 5       ;
; Total number of inverted registers = 7   ;         ;
+------------------------------------------+---------+


+----------------------------------------------------------------------------------------------------------------------------------------------------------------------+
; Multiplexer Restructuring Statistics (Restructuring Performed)                                                                                                       ;
+--------------------+-----------+---------------+----------------------+------------------------+------------+--------------------------------------------------------+
; Multiplexer Inputs ; Bus Width ; Baseline Area ; Area if Restructured ; Saving if Restructured ; Registered ; Example Multiplexer Output                             ;
+--------------------+-----------+---------------+----------------------+------------------------+------------+--------------------------------------------------------+
; 3:1                ; 7 bits    ; 14 LEs        ; 7 LEs                ; 7 LEs                  ; Yes        ; |frequency_rd|frequency_regulator:inst2|adjustedDiv[6] ;
+--------------------+-----------+---------------+----------------------+------------------------+------------+--------------------------------------------------------+


+-------------------------------+
; Elapsed Time Per Partition    ;
+----------------+--------------+
; Partition Name ; Elapsed Time ;
+----------------+--------------+
; Top            ; 00:00:00     ;
+----------------+--------------+


+-------------------------------+
; Analysis & Synthesis Messages ;
+-------------------------------+
Info: *******************************************************************
Info: Running Quartus II 64-Bit Analysis & Synthesis
    Info: Version 13.0.1 Build 232 06/12/2013 Service Pack 1 SJ Web Edition
    Info: Processing started: Tue May 04 14:40:02 2021
Info: Command: quartus_map --read_settings_files=on --write_settings_files=off frequency_rd -c frequency_rd
Warning (20028): Parallel compilation is not licensed and has been disabled
Info (12021): Found 1 design units, including 1 entities, in source file frequency_rd.bdf
    Info (12023): Found entity 1: frequency_rd
Info (12021): Found 1 design units, including 1 entities, in source file frequeny_regulator.v
    Info (12023): Found entity 1: frequency_regulator
Info (12127): Elaborating entity "frequency_rd" for the top level hierarchy
Info (12128): Elaborating entity "7476" for hierarchy "7476:inst3"
Info (12130): Elaborated megafunction instantiation "7476:inst3"
Info (12128): Elaborating entity "74193" for hierarchy "74193:inst1"
Info (12130): Elaborated megafunction instantiation "74193:inst1"
Info (12128): Elaborating entity "frequency_regulator" for hierarchy "frequency_regulator:inst2"
Warning (10230): Verilog HDL assignment warning at frequeny_regulator.v(16): truncated value with size 32 to match size of target (16)
Warning (10230): Verilog HDL assignment warning at frequeny_regulator.v(32): truncated value with size 32 to match size of target (8)
Warning (10230): Verilog HDL assignment warning at frequeny_regulator.v(33): truncated value with size 32 to match size of target (8)
Info (13000): Registers with preset signals will power-up high
Info (13003): DEV_CLRn pin will set, and not reset, register with preset signal due to NOT Gate Push-Back
Warning (13004): Presettable and clearable registers converted to equivalent circuits with latches. Registers power-up to an undefined state, and DEVCLRn places the registers in an undefined state.
    Warning (13310): Register "74193:inst1|23" is converted into an equivalent circuit using register "74193:inst1|23~_emulated" and latch "74193:inst1|23~1"
    Warning (13310): Register "74193:inst1|24" is converted into an equivalent circuit using register "74193:inst1|24~_emulated" and latch "74193:inst1|24~1"
    Warning (13310): Register "74193:inst1|25" is converted into an equivalent circuit using register "74193:inst1|25~_emulated" and latch "74193:inst1|25~1"
    Warning (13310): Register "74193:inst1|26" is converted into an equivalent circuit using register "74193:inst1|26~_emulated" and latch "74193:inst1|26~1"
    Warning (13310): Register "74193:inst|23" is converted into an equivalent circuit using register "74193:inst|23~_emulated" and latch "74193:inst|23~1"
    Warning (13310): Register "74193:inst|24" is converted into an equivalent circuit using register "74193:inst|24~_emulated" and latch "74193:inst|24~1"
    Warning (13310): Register "74193:inst|25" is converted into an equivalent circuit using register "74193:inst|25~_emulated" and latch "74193:inst|25~1"
    Warning (13310): Register "74193:inst|26" is converted into an equivalent circuit using register "74193:inst|26~_emulated" and latch "74193:inst|26~1"
Info (286030): Timing-Driven Synthesis is running
Info (16010): Generating hard_block partition "hard_block:auto_generated_inst"
    Info (16011): Adding 0 node(s), including 0 DDIO, 0 PLL, 0 transceiver and 0 LCELL
Info (21057): Implemented 165 device resources after synthesis - the final resource count might be different
    Info (21058): Implemented 12 input pins
    Info (21059): Implemented 35 output pins
    Info (21061): Implemented 118 logic cells
Info: Quartus II 64-Bit Analysis & Synthesis was successful. 0 errors, 13 warnings
    Info: Peak virtual memory: 4584 megabytes
    Info: Processing ended: Tue May 04 14:40:06 2021
    Info: Elapsed time: 00:00:04
    Info: Total CPU time (on all processors): 00:00:04


