Analysis & Synthesis report for fs
Sat May 22 13:41:20 2021
Quartus II 64-Bit Version 13.0.1 Build 232 06/12/2013 Service Pack 1 SJ Web Edition


---------------------
; Table of Contents ;
---------------------
  1. Legal Notice
  2. Analysis & Synthesis Summary
  3. Analysis & Synthesis Settings
  4. Parallel Compilation
  5. Analysis & Synthesis Source Files Read
  6. Analysis & Synthesis Resource Usage Summary
  7. Analysis & Synthesis Resource Utilization by Entity
  8. Analysis & Synthesis RAM Summary
  9. Analysis & Synthesis IP Cores Summary
 10. Registers Removed During Synthesis
 11. General Register Statistics
 12. Multiplexer Restructuring Statistics (Restructuring Performed)
 13. Source assignments for rom:inst13|altsyncram:altsyncram_component|altsyncram_f191:auto_generated
 14. Parameter Settings for User Entity Instance: mux2to1:inst1
 15. Parameter Settings for User Entity Instance: counter:inst3
 16. Parameter Settings for User Entity Instance: rom:inst13|altsyncram:altsyncram_component
 17. Parameter Settings for User Entity Instance: dds:inst2|adder:a
 18. Parameter Settings for User Entity Instance: dds:inst2|register:r
 19. Parameter Settings for Inferred Entity Instance: wgp:inst|lpm_divide:Div0
 20. altsyncram Parameter Settings by Entity Instance
 21. Port Connectivity Checks: "dds:inst2|register:r"
 22. Port Connectivity Checks: "dds:inst2|adder:a"
 23. Elapsed Time Per Partition
 24. Analysis & Synthesis Messages
 25. Analysis & Synthesis Suppressed Messages



----------------
; Legal Notice ;
----------------
Copyright (C) 1991-2013 Altera Corporation
Your use of Altera Corporation's design tools, logic functions 
and other software and tools, and its AMPP partner logic 
functions, and any output files from any of the foregoing 
(including device programming or simulation files), and any 
associated documentation or information are expressly subject 
to the terms and conditions of the Altera Program License 
Subscription Agreement, Altera MegaCore Function License 
Agreement, or other applicable license agreement, including, 
without limitation, that your use is for the sole purpose of 
programming logic devices manufactured by Altera and sold by 
Altera or its authorized distributors.  Please refer to the 
applicable agreement for further details.



+--------------------------------------------------------------------------------------+
; Analysis & Synthesis Summary                                                         ;
+------------------------------------+-------------------------------------------------+
; Analysis & Synthesis Status        ; Successful - Sat May 22 13:41:20 2021           ;
; Quartus II 64-Bit Version          ; 13.0.1 Build 232 06/12/2013 SP 1 SJ Web Edition ;
; Revision Name                      ; fs                                              ;
; Top-level Entity Name              ; fs                                              ;
; Family                             ; Cyclone IV E                                    ;
; Total logic elements               ; 291                                             ;
;     Total combinational functions  ; 291                                             ;
;     Dedicated logic registers      ; 114                                             ;
; Total registers                    ; 114                                             ;
; Total pins                         ; 33                                              ;
; Total virtual pins                 ; 0                                               ;
; Total memory bits                  ; 2,048                                           ;
; Embedded Multiplier 9-bit elements ; 0                                               ;
; Total PLLs                         ; 0                                               ;
+------------------------------------+-------------------------------------------------+


+----------------------------------------------------------------------------------------------------------------------+
; Analysis & Synthesis Settings                                                                                        ;
+----------------------------------------------------------------------------+--------------------+--------------------+
; Option                                                                     ; Setting            ; Default Value      ;
+----------------------------------------------------------------------------+--------------------+--------------------+
; Top-level entity name                                                      ; fs                 ; fs                 ;
; Family name                                                                ; Cyclone IV E       ; Cyclone IV GX      ;
; Use smart compilation                                                      ; Off                ; Off                ;
; Enable parallel Assembler and TimeQuest Timing Analyzer during compilation ; On                 ; On                 ;
; Enable compact report table                                                ; Off                ; Off                ;
; Restructure Multiplexers                                                   ; Auto               ; Auto               ;
; Create Debugging Nodes for IP Cores                                        ; Off                ; Off                ;
; Preserve fewer node names                                                  ; On                 ; On                 ;
; Disable OpenCore Plus hardware evaluation                                  ; Off                ; Off                ;
; Verilog Version                                                            ; Verilog_2001       ; Verilog_2001       ;
; VHDL Version                                                               ; VHDL_1993          ; VHDL_1993          ;
; State Machine Processing                                                   ; Auto               ; Auto               ;
; Safe State Machine                                                         ; Off                ; Off                ;
; Extract Verilog State Machines                                             ; On                 ; On                 ;
; Extract VHDL State Machines                                                ; On                 ; On                 ;
; Ignore Verilog initial constructs                                          ; Off                ; Off                ;
; Iteration limit for constant Verilog loops                                 ; 5000               ; 5000               ;
; Iteration limit for non-constant Verilog loops                             ; 250                ; 250                ;
; Add Pass-Through Logic to Inferred RAMs                                    ; On                 ; On                 ;
; Infer RAMs from Raw Logic                                                  ; On                 ; On                 ;
; Parallel Synthesis                                                         ; On                 ; On                 ;
; DSP Block Balancing                                                        ; Auto               ; Auto               ;
; NOT Gate Push-Back                                                         ; On                 ; On                 ;
; Power-Up Don't Care                                                        ; On                 ; On                 ;
; Remove Redundant Logic Cells                                               ; Off                ; Off                ;
; Remove Duplicate Registers                                                 ; On                 ; On                 ;
; Ignore CARRY Buffers                                                       ; Off                ; Off                ;
; Ignore CASCADE Buffers                                                     ; Off                ; Off                ;
; Ignore GLOBAL Buffers                                                      ; Off                ; Off                ;
; Ignore ROW GLOBAL Buffers                                                  ; Off                ; Off                ;
; Ignore LCELL Buffers                                                       ; Off                ; Off                ;
; Ignore SOFT Buffers                                                        ; On                 ; On                 ;
; Limit AHDL Integers to 32 Bits                                             ; Off                ; Off                ;
; Optimization Technique                                                     ; Balanced           ; Balanced           ;
; Carry Chain Length                                                         ; 70                 ; 70                 ;
; Auto Carry Chains                                                          ; On                 ; On                 ;
; Auto Open-Drain Pins                                                       ; On                 ; On                 ;
; Perform WYSIWYG Primitive Resynthesis                                      ; Off                ; Off                ;
; Auto ROM Replacement                                                       ; On                 ; On                 ;
; Auto RAM Replacement                                                       ; On                 ; On                 ;
; Auto DSP Block Replacement                                                 ; On                 ; On                 ;
; Auto Shift Register Replacement                                            ; Auto               ; Auto               ;
; Allow Shift Register Merging across Hierarchies                            ; Auto               ; Auto               ;
; Auto Clock Enable Replacement                                              ; On                 ; On                 ;
; Strict RAM Replacement                                                     ; Off                ; Off                ;
; Allow Synchronous Control Signals                                          ; On                 ; On                 ;
; Force Use of Synchronous Clear Signals                                     ; Off                ; Off                ;
; Auto RAM Block Balancing                                                   ; On                 ; On                 ;
; Auto RAM to Logic Cell Conversion                                          ; Off                ; Off                ;
; Auto Resource Sharing                                                      ; Off                ; Off                ;
; Allow Any RAM Size For Recognition                                         ; Off                ; Off                ;
; Allow Any ROM Size For Recognition                                         ; Off                ; Off                ;
; Allow Any Shift Register Size For Recognition                              ; Off                ; Off                ;
; Use LogicLock Constraints during Resource Balancing                        ; On                 ; On                 ;
; Ignore translate_off and synthesis_off directives                          ; Off                ; Off                ;
; Timing-Driven Synthesis                                                    ; On                 ; On                 ;
; Report Parameter Settings                                                  ; On                 ; On                 ;
; Report Source Assignments                                                  ; On                 ; On                 ;
; Report Connectivity Checks                                                 ; On                 ; On                 ;
; Ignore Maximum Fan-Out Assignments                                         ; Off                ; Off                ;
; Synchronization Register Chain Length                                      ; 2                  ; 2                  ;
; PowerPlay Power Optimization                                               ; Normal compilation ; Normal compilation ;
; HDL message level                                                          ; Level2             ; Level2             ;
; Suppress Register Optimization Related Messages                            ; Off                ; Off                ;
; Number of Removed Registers Reported in Synthesis Report                   ; 5000               ; 5000               ;
; Number of Swept Nodes Reported in Synthesis Report                         ; 5000               ; 5000               ;
; Number of Inverted Registers Reported in Synthesis Report                  ; 100                ; 100                ;
; Clock MUX Protection                                                       ; On                 ; On                 ;
; Auto Gated Clock Conversion                                                ; Off                ; Off                ;
; Block Design Naming                                                        ; Auto               ; Auto               ;
; SDC constraint protection                                                  ; Off                ; Off                ;
; Synthesis Effort                                                           ; Auto               ; Auto               ;
; Shift Register Replacement - Allow Asynchronous Clear Signal               ; On                 ; On                 ;
; Pre-Mapping Resynthesis Optimization                                       ; Off                ; Off                ;
; Analysis & Synthesis Message Level                                         ; Medium             ; Medium             ;
; Disable Register Merging Across Hierarchies                                ; Auto               ; Auto               ;
; Resource Aware Inference For Block RAM                                     ; On                 ; On                 ;
; Synthesis Seed                                                             ; 1                  ; 1                  ;
+----------------------------------------------------------------------------+--------------------+--------------------+


Parallel compilation was disabled, but you have multiple processors available. Enable parallel compilation to reduce compilation time.
+-------------------------------------+
; Parallel Compilation                ;
+----------------------------+--------+
; Processors                 ; Number ;
+----------------------------+--------+
; Number detected on machine ; 4      ;
; Maximum allowed            ; 1      ;
+----------------------------+--------+


+--------------------------------------------------------------------------------------------------------------------------------------------------------------------------------------------------------+
; Analysis & Synthesis Source Files Read                                                                                                                                                                 ;
+----------------------------------+-----------------+----------------------------------------+------------------------------------------------------------------------------------------------+---------+
; File Name with User-Entered Path ; Used in Netlist ; File Type                              ; File Name with Absolute Path                                                                   ; Library ;
+----------------------------------+-----------------+----------------------------------------+------------------------------------------------------------------------------------------------+---------+
; fs.bdf                           ; yes             ; User Block Diagram/Schematic File      ; C:/Users/SM2A/Documents/ModelSim Projects/lab3_Q/Frequency Selector/fs.bdf                     ;         ;
; wgp.v                            ; yes             ; User Verilog HDL File                  ; C:/Users/SM2A/Documents/ModelSim Projects/lab3_Q/Frequency Selector/wgp.v                      ;         ;
; dds.v                            ; yes             ; User Verilog HDL File                  ; C:/Users/SM2A/Documents/ModelSim Projects/lab3_Q/Frequency Selector/dds.v                      ;         ;
; mux.v                            ; yes             ; User Verilog HDL File                  ; C:/Users/SM2A/Documents/ModelSim Projects/lab3_Q/Frequency Selector/mux.v                      ;         ;
; counter.v                        ; yes             ; User Verilog HDL File                  ; C:/Users/SM2A/Documents/ModelSim Projects/lab3_Q/Frequency Selector/counter.v                  ;         ;
; rom.v                            ; yes             ; User Wizard-Generated File             ; C:/Users/SM2A/Documents/ModelSim Projects/lab3_Q/Frequency Selector/rom.v                      ;         ;
; 7476.bdf                         ; yes             ; Megafunction                           ; c:/altera/13.0sp1/quartus/libraries/others/maxplus2/7476.bdf                                   ;         ;
; 74193.bdf                        ; yes             ; Megafunction                           ; c:/altera/13.0sp1/quartus/libraries/others/maxplus2/74193.bdf                                  ;         ;
; altsyncram.tdf                   ; yes             ; Megafunction                           ; c:/altera/13.0sp1/quartus/libraries/megafunctions/altsyncram.tdf                               ;         ;
; stratix_ram_block.inc            ; yes             ; Megafunction                           ; c:/altera/13.0sp1/quartus/libraries/megafunctions/stratix_ram_block.inc                        ;         ;
; lpm_mux.inc                      ; yes             ; Megafunction                           ; c:/altera/13.0sp1/quartus/libraries/megafunctions/lpm_mux.inc                                  ;         ;
; lpm_decode.inc                   ; yes             ; Megafunction                           ; c:/altera/13.0sp1/quartus/libraries/megafunctions/lpm_decode.inc                               ;         ;
; aglobal130.inc                   ; yes             ; Megafunction                           ; c:/altera/13.0sp1/quartus/libraries/megafunctions/aglobal130.inc                               ;         ;
; a_rdenreg.inc                    ; yes             ; Megafunction                           ; c:/altera/13.0sp1/quartus/libraries/megafunctions/a_rdenreg.inc                                ;         ;
; altrom.inc                       ; yes             ; Megafunction                           ; c:/altera/13.0sp1/quartus/libraries/megafunctions/altrom.inc                                   ;         ;
; altram.inc                       ; yes             ; Megafunction                           ; c:/altera/13.0sp1/quartus/libraries/megafunctions/altram.inc                                   ;         ;
; altdpram.inc                     ; yes             ; Megafunction                           ; c:/altera/13.0sp1/quartus/libraries/megafunctions/altdpram.inc                                 ;         ;
; db/altsyncram_f191.tdf           ; yes             ; Auto-Generated Megafunction            ; C:/Users/SM2A/Documents/ModelSim Projects/lab3_Q/Frequency Selector/db/altsyncram_f191.tdf     ;         ;
; sine.mif                         ; yes             ; Auto-Found Memory Initialization File  ; C:/Users/SM2A/Documents/ModelSim Projects/lab3_Q/Frequency Selector/sine.mif                   ;         ;
; lpm_divide.tdf                   ; yes             ; Megafunction                           ; c:/altera/13.0sp1/quartus/libraries/megafunctions/lpm_divide.tdf                               ;         ;
; abs_divider.inc                  ; yes             ; Megafunction                           ; c:/altera/13.0sp1/quartus/libraries/megafunctions/abs_divider.inc                              ;         ;
; sign_div_unsign.inc              ; yes             ; Megafunction                           ; c:/altera/13.0sp1/quartus/libraries/megafunctions/sign_div_unsign.inc                          ;         ;
; db/lpm_divide_nhm.tdf            ; yes             ; Auto-Generated Megafunction            ; C:/Users/SM2A/Documents/ModelSim Projects/lab3_Q/Frequency Selector/db/lpm_divide_nhm.tdf      ;         ;
; db/sign_div_unsign_fkh.tdf       ; yes             ; Auto-Generated Megafunction            ; C:/Users/SM2A/Documents/ModelSim Projects/lab3_Q/Frequency Selector/db/sign_div_unsign_fkh.tdf ;         ;
; db/alt_u_div_i4f.tdf             ; yes             ; Auto-Generated Megafunction            ; C:/Users/SM2A/Documents/ModelSim Projects/lab3_Q/Frequency Selector/db/alt_u_div_i4f.tdf       ;         ;
; db/add_sub_7pc.tdf               ; yes             ; Auto-Generated Megafunction            ; C:/Users/SM2A/Documents/ModelSim Projects/lab3_Q/Frequency Selector/db/add_sub_7pc.tdf         ;         ;
; db/add_sub_8pc.tdf               ; yes             ; Auto-Generated Megafunction            ; C:/Users/SM2A/Documents/ModelSim Projects/lab3_Q/Frequency Selector/db/add_sub_8pc.tdf         ;         ;
+----------------------------------+-----------------+----------------------------------------+------------------------------------------------------------------------------------------------+---------+


+---------------------------------------------------------+
; Analysis & Synthesis Resource Usage Summary             ;
+---------------------------------------------+-----------+
; Resource                                    ; Usage     ;
+---------------------------------------------+-----------+
; Estimated Total logic elements              ; 291       ;
;                                             ;           ;
; Total combinational functions               ; 291       ;
; Logic element usage by number of LUT inputs ;           ;
;     -- 4 input functions                    ; 81        ;
;     -- 3 input functions                    ; 124       ;
;     -- <=2 input functions                  ; 86        ;
;                                             ;           ;
; Logic elements by mode                      ;           ;
;     -- normal mode                          ; 187       ;
;     -- arithmetic mode                      ; 104       ;
;                                             ;           ;
; Total registers                             ; 114       ;
;     -- Dedicated logic registers            ; 114       ;
;     -- I/O registers                        ; 0         ;
;                                             ;           ;
; I/O pins                                    ; 33        ;
; Total memory bits                           ; 2048      ;
; Embedded Multiplier 9-bit elements          ; 0         ;
; Maximum fan-out node                        ; clk~input ;
; Maximum fan-out                             ; 109       ;
; Total fan-out                               ; 1280      ;
; Average fan-out                             ; 2.67      ;
+---------------------------------------------+-----------+


+-------------------------------------------------------------------------------------------------------------------------------------------------------------------------------------------------------------------------------------------------------------------------------------+
; Analysis & Synthesis Resource Utilization by Entity                                                                                                                                                                                                                                 ;
+-------------------------------------------+-------------------+--------------+-------------+--------------+---------+-----------+------+--------------+--------------------------------------------------------------------------------------------------------------+--------------+
; Compilation Hierarchy Node                ; LC Combinationals ; LC Registers ; Memory Bits ; DSP Elements ; DSP 9x9 ; DSP 18x18 ; Pins ; Virtual Pins ; Full Hierarchy Name                                                                                          ; Library Name ;
+-------------------------------------------+-------------------+--------------+-------------+--------------+---------+-----------+------+--------------+--------------------------------------------------------------------------------------------------------------+--------------+
; |fs                                       ; 291 (3)           ; 114 (0)      ; 2048        ; 0            ; 0       ; 0         ; 33   ; 0            ; |fs                                                                                                          ; work         ;
;    |74193:inst6|                          ; 16 (16)           ; 4 (4)        ; 0           ; 0            ; 0       ; 0         ; 0    ; 0            ; |fs|74193:inst6                                                                                              ; work         ;
;    |74193:inst7|                          ; 16 (16)           ; 4 (4)        ; 0           ; 0            ; 0       ; 0         ; 0    ; 0            ; |fs|74193:inst7                                                                                              ; work         ;
;    |7476:inst10|                          ; 1 (1)             ; 1 (1)        ; 0           ; 0            ; 0       ; 0         ; 0    ; 0            ; |fs|7476:inst10                                                                                              ; work         ;
;    |counter:inst3|                        ; 8 (8)             ; 8 (8)        ; 0           ; 0            ; 0       ; 0         ; 0    ; 0            ; |fs|counter:inst3                                                                                            ; work         ;
;    |dds:inst2|                            ; 8 (0)             ; 8 (0)        ; 0           ; 0            ; 0       ; 0         ; 0    ; 0            ; |fs|dds:inst2                                                                                                ; work         ;
;       |register:r|                        ; 8 (8)             ; 8 (8)        ; 0           ; 0            ; 0       ; 0         ; 0    ; 0            ; |fs|dds:inst2|register:r                                                                                     ; work         ;
;    |mux2to1:inst1|                        ; 8 (8)             ; 0 (0)        ; 0           ; 0            ; 0       ; 0         ; 0    ; 0            ; |fs|mux2to1:inst1                                                                                            ; work         ;
;    |rom:inst13|                           ; 0 (0)             ; 0 (0)        ; 2048        ; 0            ; 0       ; 0         ; 0    ; 0            ; |fs|rom:inst13                                                                                               ; work         ;
;       |altsyncram:altsyncram_component|   ; 0 (0)             ; 0 (0)        ; 2048        ; 0            ; 0       ; 0         ; 0    ; 0            ; |fs|rom:inst13|altsyncram:altsyncram_component                                                               ; work         ;
;          |altsyncram_f191:auto_generated| ; 0 (0)             ; 0 (0)        ; 2048        ; 0            ; 0       ; 0         ; 0    ; 0            ; |fs|rom:inst13|altsyncram:altsyncram_component|altsyncram_f191:auto_generated                                ; work         ;
;    |wgp:inst|                             ; 231 (158)         ; 89 (89)      ; 0           ; 0            ; 0       ; 0         ; 0    ; 0            ; |fs|wgp:inst                                                                                                 ; work         ;
;       |lpm_divide:Div0|                   ; 73 (0)            ; 0 (0)        ; 0           ; 0            ; 0       ; 0         ; 0    ; 0            ; |fs|wgp:inst|lpm_divide:Div0                                                                                 ; work         ;
;          |lpm_divide_nhm:auto_generated|  ; 73 (0)            ; 0 (0)        ; 0           ; 0            ; 0       ; 0         ; 0    ; 0            ; |fs|wgp:inst|lpm_divide:Div0|lpm_divide_nhm:auto_generated                                                   ; work         ;
;             |sign_div_unsign_fkh:divider| ; 73 (0)            ; 0 (0)        ; 0           ; 0            ; 0       ; 0         ; 0    ; 0            ; |fs|wgp:inst|lpm_divide:Div0|lpm_divide_nhm:auto_generated|sign_div_unsign_fkh:divider                       ; work         ;
;                |alt_u_div_i4f:divider|    ; 73 (73)           ; 0 (0)        ; 0           ; 0            ; 0       ; 0         ; 0    ; 0            ; |fs|wgp:inst|lpm_divide:Div0|lpm_divide_nhm:auto_generated|sign_div_unsign_fkh:divider|alt_u_div_i4f:divider ; work         ;
+-------------------------------------------+-------------------+--------------+-------------+--------------+---------+-----------+------+--------------+--------------------------------------------------------------------------------------------------------------+--------------+
Note: For table entries with two numbers listed, the numbers in parentheses indicate the number of resources of the given type used by the specific entity alone. The numbers listed outside of parentheses indicate the total resources of the given type used by the specific entity and all of its sub-entities in the hierarchy.


+----------------------------------------------------------------------------------------------------------------------------------------------------------------------------------+
; Analysis & Synthesis RAM Summary                                                                                                                                                 ;
+--------------------------------------------------------------------------------------+------+------+--------------+--------------+--------------+--------------+------+----------+
; Name                                                                                 ; Type ; Mode ; Port A Depth ; Port A Width ; Port B Depth ; Port B Width ; Size ; MIF      ;
+--------------------------------------------------------------------------------------+------+------+--------------+--------------+--------------+--------------+------+----------+
; rom:inst13|altsyncram:altsyncram_component|altsyncram_f191:auto_generated|ALTSYNCRAM ; AUTO ; ROM  ; 256          ; 8            ; --           ; --           ; 2048 ; sine.mif ;
+--------------------------------------------------------------------------------------+------+------+--------------+--------------+--------------+--------------+------+----------+


+-------------------------------------------------------------------------------------------------------------------------------------------------------------+
; Analysis & Synthesis IP Cores Summary                                                                                                                       ;
+--------+--------------+---------+--------------+--------------+-----------------+---------------------------------------------------------------------------+
; Vendor ; IP Core Name ; Version ; Release Date ; License Type ; Entity Instance ; IP Include File                                                           ;
+--------+--------------+---------+--------------+--------------+-----------------+---------------------------------------------------------------------------+
; Altera ; ROM: 1-PORT  ; 13.0    ; N/A          ; N/A          ; |fs|rom:inst13  ; C:/Users/SM2A/Documents/ModelSim Projects/lab3_Q/Frequency Selector/rom.v ;
+--------+--------------+---------+--------------+--------------+-----------------+---------------------------------------------------------------------------+


+-------------------------------------------------------------------------+
; Registers Removed During Synthesis                                      ;
+----------------------------------------+--------------------------------+
; Register name                          ; Reason for Removal             ;
+----------------------------------------+--------------------------------+
; wgp:inst|waveform[3]~en                ; Lost fanout                    ;
; wgp:inst|waveform[2]~en                ; Lost fanout                    ;
; wgp:inst|waveform[1]~en                ; Lost fanout                    ;
; wgp:inst|waveform[0]~en                ; Lost fanout                    ;
; wgp:inst|waveform[4]~en                ; Lost fanout                    ;
; wgp:inst|waveform[5]~en                ; Lost fanout                    ;
; wgp:inst|waveform[6]~en                ; Lost fanout                    ;
; wgp:inst|waveform[7]~en                ; Lost fanout                    ;
; wgp:inst|square[1..7]                  ; Merged with wgp:inst|square[0] ;
; Total Number of Removed Registers = 15 ;                                ;
+----------------------------------------+--------------------------------+


+------------------------------------------------------+
; General Register Statistics                          ;
+----------------------------------------------+-------+
; Statistic                                    ; Value ;
+----------------------------------------------+-------+
; Total registers                              ; 114   ;
; Number of registers using Synchronous Clear  ; 56    ;
; Number of registers using Synchronous Load   ; 16    ;
; Number of registers using Asynchronous Clear ; 9     ;
; Number of registers using Asynchronous Load  ; 0     ;
; Number of registers using Clock Enable       ; 0     ;
; Number of registers using Preset             ; 0     ;
+----------------------------------------------+-------+


+---------------------------------------------------------------------------------------------------------------------------------------------+
; Multiplexer Restructuring Statistics (Restructuring Performed)                                                                              ;
+--------------------+-----------+---------------+----------------------+------------------------+------------+-------------------------------+
; Multiplexer Inputs ; Bus Width ; Baseline Area ; Area if Restructured ; Saving if Restructured ; Registered ; Example Multiplexer Output    ;
+--------------------+-----------+---------------+----------------------+------------------------+------------+-------------------------------+
; 3:1                ; 8 bits    ; 16 LEs        ; 16 LEs               ; 0 LEs                  ; Yes        ; |fs|wgp:inst|smsw[4]          ;
; 3:1                ; 8 bits    ; 16 LEs        ; 16 LEs               ; 0 LEs                  ; Yes        ; |fs|wgp:inst|hwr[4]           ;
; 3:1                ; 8 bits    ; 16 LEs        ; 16 LEs               ; 0 LEs                  ; Yes        ; |fs|wgp:inst|fwr[4]           ;
; 7:1                ; 8 bits    ; 32 LEs        ; 32 LEs               ; 0 LEs                  ; Yes        ; |fs|wgp:inst|waveform[0]~reg0 ;
; 4:1                ; 6 bits    ; 12 LEs        ; 12 LEs               ; 0 LEs                  ; No         ; |fs|wgp:inst|Add4             ;
+--------------------+-----------+---------------+----------------------+------------------------+------------+-------------------------------+


+--------------------------------------------------------------------------------------------------+
; Source assignments for rom:inst13|altsyncram:altsyncram_component|altsyncram_f191:auto_generated ;
+---------------------------------+--------------------+------+------------------------------------+
; Assignment                      ; Value              ; From ; To                                 ;
+---------------------------------+--------------------+------+------------------------------------+
; OPTIMIZE_POWER_DURING_SYNTHESIS ; NORMAL_COMPILATION ; -    ; -                                  ;
+---------------------------------+--------------------+------+------------------------------------+


+------------------------------------------------------------+
; Parameter Settings for User Entity Instance: mux2to1:inst1 ;
+----------------+-------+-----------------------------------+
; Parameter Name ; Value ; Type                              ;
+----------------+-------+-----------------------------------+
; N              ; 8     ; Signed Integer                    ;
+----------------+-------+-----------------------------------+
Note: In order to hide this table in the UI and the text report file, please set the "Show Parameter Settings in Synthesis Report" option in "Analysis and Synthesis Settings -> More Settings" to "Off".


+------------------------------------------------------------+
; Parameter Settings for User Entity Instance: counter:inst3 ;
+----------------+-------+-----------------------------------+
; Parameter Name ; Value ; Type                              ;
+----------------+-------+-----------------------------------+
; N              ; 8     ; Signed Integer                    ;
+----------------+-------+-----------------------------------+
Note: In order to hide this table in the UI and the text report file, please set the "Show Parameter Settings in Synthesis Report" option in "Analysis and Synthesis Settings -> More Settings" to "Off".


+-----------------------------------------------------------------------------------------+
; Parameter Settings for User Entity Instance: rom:inst13|altsyncram:altsyncram_component ;
+------------------------------------+----------------------+-----------------------------+
; Parameter Name                     ; Value                ; Type                        ;
+------------------------------------+----------------------+-----------------------------+
; BYTE_SIZE_BLOCK                    ; 8                    ; Untyped                     ;
; AUTO_CARRY_CHAINS                  ; ON                   ; AUTO_CARRY                  ;
; IGNORE_CARRY_BUFFERS               ; OFF                  ; IGNORE_CARRY                ;
; AUTO_CASCADE_CHAINS                ; ON                   ; AUTO_CASCADE                ;
; IGNORE_CASCADE_BUFFERS             ; OFF                  ; IGNORE_CASCADE              ;
; WIDTH_BYTEENA                      ; 1                    ; Untyped                     ;
; OPERATION_MODE                     ; ROM                  ; Untyped                     ;
; WIDTH_A                            ; 8                    ; Signed Integer              ;
; WIDTHAD_A                          ; 8                    ; Signed Integer              ;
; NUMWORDS_A                         ; 256                  ; Signed Integer              ;
; OUTDATA_REG_A                      ; CLOCK0               ; Untyped                     ;
; ADDRESS_ACLR_A                     ; NONE                 ; Untyped                     ;
; OUTDATA_ACLR_A                     ; NONE                 ; Untyped                     ;
; WRCONTROL_ACLR_A                   ; NONE                 ; Untyped                     ;
; INDATA_ACLR_A                      ; NONE                 ; Untyped                     ;
; BYTEENA_ACLR_A                     ; NONE                 ; Untyped                     ;
; WIDTH_B                            ; 1                    ; Untyped                     ;
; WIDTHAD_B                          ; 1                    ; Untyped                     ;
; NUMWORDS_B                         ; 1                    ; Untyped                     ;
; INDATA_REG_B                       ; CLOCK1               ; Untyped                     ;
; WRCONTROL_WRADDRESS_REG_B          ; CLOCK1               ; Untyped                     ;
; RDCONTROL_REG_B                    ; CLOCK1               ; Untyped                     ;
; ADDRESS_REG_B                      ; CLOCK1               ; Untyped                     ;
; OUTDATA_REG_B                      ; UNREGISTERED         ; Untyped                     ;
; BYTEENA_REG_B                      ; CLOCK1               ; Untyped                     ;
; INDATA_ACLR_B                      ; NONE                 ; Untyped                     ;
; WRCONTROL_ACLR_B                   ; NONE                 ; Untyped                     ;
; ADDRESS_ACLR_B                     ; NONE                 ; Untyped                     ;
; OUTDATA_ACLR_B                     ; NONE                 ; Untyped                     ;
; RDCONTROL_ACLR_B                   ; NONE                 ; Untyped                     ;
; BYTEENA_ACLR_B                     ; NONE                 ; Untyped                     ;
; WIDTH_BYTEENA_A                    ; 1                    ; Signed Integer              ;
; WIDTH_BYTEENA_B                    ; 1                    ; Untyped                     ;
; RAM_BLOCK_TYPE                     ; AUTO                 ; Untyped                     ;
; BYTE_SIZE                          ; 8                    ; Untyped                     ;
; READ_DURING_WRITE_MODE_MIXED_PORTS ; DONT_CARE            ; Untyped                     ;
; READ_DURING_WRITE_MODE_PORT_A      ; NEW_DATA_NO_NBE_READ ; Untyped                     ;
; READ_DURING_WRITE_MODE_PORT_B      ; NEW_DATA_NO_NBE_READ ; Untyped                     ;
; INIT_FILE                          ; sine.mif             ; Untyped                     ;
; INIT_FILE_LAYOUT                   ; PORT_A               ; Untyped                     ;
; MAXIMUM_DEPTH                      ; 0                    ; Untyped                     ;
; CLOCK_ENABLE_INPUT_A               ; BYPASS               ; Untyped                     ;
; CLOCK_ENABLE_INPUT_B               ; NORMAL               ; Untyped                     ;
; CLOCK_ENABLE_OUTPUT_A              ; BYPASS               ; Untyped                     ;
; CLOCK_ENABLE_OUTPUT_B              ; NORMAL               ; Untyped                     ;
; CLOCK_ENABLE_CORE_A                ; USE_INPUT_CLKEN      ; Untyped                     ;
; CLOCK_ENABLE_CORE_B                ; USE_INPUT_CLKEN      ; Untyped                     ;
; ENABLE_ECC                         ; FALSE                ; Untyped                     ;
; ECC_PIPELINE_STAGE_ENABLED         ; FALSE                ; Untyped                     ;
; WIDTH_ECCSTATUS                    ; 3                    ; Untyped                     ;
; DEVICE_FAMILY                      ; Cyclone IV E         ; Untyped                     ;
; CBXI_PARAMETER                     ; altsyncram_f191      ; Untyped                     ;
+------------------------------------+----------------------+-----------------------------+
Note: In order to hide this table in the UI and the text report file, please set the "Show Parameter Settings in Synthesis Report" option in "Analysis and Synthesis Settings -> More Settings" to "Off".


+----------------------------------------------------------------+
; Parameter Settings for User Entity Instance: dds:inst2|adder:a ;
+----------------+-------+---------------------------------------+
; Parameter Name ; Value ; Type                                  ;
+----------------+-------+---------------------------------------+
; N              ; 8     ; Signed Integer                        ;
+----------------+-------+---------------------------------------+
Note: In order to hide this table in the UI and the text report file, please set the "Show Parameter Settings in Synthesis Report" option in "Analysis and Synthesis Settings -> More Settings" to "Off".


+-------------------------------------------------------------------+
; Parameter Settings for User Entity Instance: dds:inst2|register:r ;
+----------------+-------+------------------------------------------+
; Parameter Name ; Value ; Type                                     ;
+----------------+-------+------------------------------------------+
; N              ; 8     ; Signed Integer                           ;
+----------------+-------+------------------------------------------+
Note: In order to hide this table in the UI and the text report file, please set the "Show Parameter Settings in Synthesis Report" option in "Analysis and Synthesis Settings -> More Settings" to "Off".


+---------------------------------------------------------------------------+
; Parameter Settings for Inferred Entity Instance: wgp:inst|lpm_divide:Div0 ;
+------------------------+----------------+---------------------------------+
; Parameter Name         ; Value          ; Type                            ;
+------------------------+----------------+---------------------------------+
; LPM_WIDTHN             ; 8              ; Untyped                         ;
; LPM_WIDTHD             ; 8              ; Untyped                         ;
; LPM_NREPRESENTATION    ; UNSIGNED       ; Untyped                         ;
; LPM_DREPRESENTATION    ; UNSIGNED       ; Untyped                         ;
; LPM_PIPELINE           ; 0              ; Untyped                         ;
; LPM_REMAINDERPOSITIVE  ; TRUE           ; Untyped                         ;
; MAXIMIZE_SPEED         ; 5              ; Untyped                         ;
; CBXI_PARAMETER         ; lpm_divide_nhm ; Untyped                         ;
; CARRY_CHAIN            ; MANUAL         ; Untyped                         ;
; OPTIMIZE_FOR_SPEED     ; 5              ; Untyped                         ;
; AUTO_CARRY_CHAINS      ; ON             ; AUTO_CARRY                      ;
; IGNORE_CARRY_BUFFERS   ; OFF            ; IGNORE_CARRY                    ;
; AUTO_CASCADE_CHAINS    ; ON             ; AUTO_CASCADE                    ;
; IGNORE_CASCADE_BUFFERS ; OFF            ; IGNORE_CASCADE                  ;
+------------------------+----------------+---------------------------------+
Note: In order to hide this table in the UI and the text report file, please set the "Show Parameter Settings in Synthesis Report" option in "Analysis and Synthesis Settings -> More Settings" to "Off".


+----------------------------------------------------------------------------------------+
; altsyncram Parameter Settings by Entity Instance                                       ;
+-------------------------------------------+--------------------------------------------+
; Name                                      ; Value                                      ;
+-------------------------------------------+--------------------------------------------+
; Number of entity instances                ; 1                                          ;
; Entity Instance                           ; rom:inst13|altsyncram:altsyncram_component ;
;     -- OPERATION_MODE                     ; ROM                                        ;
;     -- WIDTH_A                            ; 8                                          ;
;     -- NUMWORDS_A                         ; 256                                        ;
;     -- OUTDATA_REG_A                      ; CLOCK0                                     ;
;     -- WIDTH_B                            ; 1                                          ;
;     -- NUMWORDS_B                         ; 1                                          ;
;     -- ADDRESS_REG_B                      ; CLOCK1                                     ;
;     -- OUTDATA_REG_B                      ; UNREGISTERED                               ;
;     -- RAM_BLOCK_TYPE                     ; AUTO                                       ;
;     -- READ_DURING_WRITE_MODE_MIXED_PORTS ; DONT_CARE                                  ;
+-------------------------------------------+--------------------------------------------+


+--------------------------------------------------+
; Port Connectivity Checks: "dds:inst2|register:r" ;
+------+-------+----------+------------------------+
; Port ; Type  ; Severity ; Details                ;
+------+-------+----------+------------------------+
; ld   ; Input ; Info     ; Stuck at VCC           ;
+------+-------+----------+------------------------+


+---------------------------------------------------+
; Port Connectivity Checks: "dds:inst2|adder:a"     ;
+------+--------+----------+------------------------+
; Port ; Type   ; Severity ; Details                ;
+------+--------+----------+------------------------+
; cin  ; Input  ; Info     ; Stuck at GND           ;
; cout ; Output ; Info     ; Explicitly unconnected ;
+------+--------+----------+------------------------+


+-------------------------------+
; Elapsed Time Per Partition    ;
+----------------+--------------+
; Partition Name ; Elapsed Time ;
+----------------+--------------+
; Top            ; 00:00:01     ;
+----------------+--------------+


+-------------------------------+
; Analysis & Synthesis Messages ;
+-------------------------------+
Info: *******************************************************************
Info: Running Quartus II 64-Bit Analysis & Synthesis
    Info: Version 13.0.1 Build 232 06/12/2013 Service Pack 1 SJ Web Edition
    Info: Processing started: Sat May 22 13:41:13 2021
Info: Command: quartus_map --read_settings_files=on --write_settings_files=off fs -c fs
Warning (20028): Parallel compilation is not licensed and has been disabled
Info (12021): Found 1 design units, including 1 entities, in source file fs.bdf
    Info (12023): Found entity 1: fs
Info (12021): Found 1 design units, including 1 entities, in source file wgp.v
    Info (12023): Found entity 1: wgp
Info (12021): Found 3 design units, including 3 entities, in source file dds.v
    Info (12023): Found entity 1: dds
    Info (12023): Found entity 2: adder
    Info (12023): Found entity 3: register
Info (12021): Found 1 design units, including 1 entities, in source file mux.v
    Info (12023): Found entity 1: mux2to1
Info (12021): Found 1 design units, including 1 entities, in source file counter.v
    Info (12023): Found entity 1: counter
Info (12021): Found 1 design units, including 1 entities, in source file rom.v
    Info (12023): Found entity 1: rom
Info (12127): Elaborating entity "fs" for the top level hierarchy
Info (12128): Elaborating entity "7476" for hierarchy "7476:inst10"
Info (12130): Elaborated megafunction instantiation "7476:inst10"
Info (12128): Elaborating entity "74193" for hierarchy "74193:inst6"
Info (12130): Elaborated megafunction instantiation "74193:inst6"
Info (12128): Elaborating entity "mux2to1" for hierarchy "mux2to1:inst1"
Info (12128): Elaborating entity "wgp" for hierarchy "wgp:inst"
Warning (10230): Verilog HDL assignment warning at wgp.v(20): truncated value with size 32 to match size of target (8)
Warning (10230): Verilog HDL assignment warning at wgp.v(21): truncated value with size 32 to match size of target (8)
Warning (10230): Verilog HDL assignment warning at wgp.v(41): truncated value with size 32 to match size of target (8)
Warning (10230): Verilog HDL assignment warning at wgp.v(42): truncated value with size 32 to match size of target (8)
Warning (10230): Verilog HDL assignment warning at wgp.v(49): truncated value with size 32 to match size of target (8)
Warning (10230): Verilog HDL assignment warning at wgp.v(76): truncated value with size 32 to match size of target (8)
Warning (10230): Verilog HDL assignment warning at wgp.v(77): truncated value with size 32 to match size of target (8)
Warning (10230): Verilog HDL assignment warning at wgp.v(85): truncated value with size 32 to match size of target (8)
Warning (10230): Verilog HDL assignment warning at wgp.v(86): truncated value with size 32 to match size of target (8)
Warning (10230): Verilog HDL assignment warning at wgp.v(95): truncated value with size 32 to match size of target (8)
Info (12128): Elaborating entity "counter" for hierarchy "counter:inst3"
Warning (10230): Verilog HDL assignment warning at counter.v(18): truncated value with size 32 to match size of target (8)
Warning (10230): Verilog HDL assignment warning at counter.v(19): truncated value with size 32 to match size of target (8)
Info (12128): Elaborating entity "rom" for hierarchy "rom:inst13"
Info (12128): Elaborating entity "altsyncram" for hierarchy "rom:inst13|altsyncram:altsyncram_component"
Info (12130): Elaborated megafunction instantiation "rom:inst13|altsyncram:altsyncram_component"
Info (12133): Instantiated megafunction "rom:inst13|altsyncram:altsyncram_component" with the following parameter:
    Info (12134): Parameter "address_aclr_a" = "NONE"
    Info (12134): Parameter "clock_enable_input_a" = "BYPASS"
    Info (12134): Parameter "clock_enable_output_a" = "BYPASS"
    Info (12134): Parameter "init_file" = "sine.mif"
    Info (12134): Parameter "intended_device_family" = "Cyclone IV E"
    Info (12134): Parameter "lpm_hint" = "ENABLE_RUNTIME_MOD=NO"
    Info (12134): Parameter "lpm_type" = "altsyncram"
    Info (12134): Parameter "numwords_a" = "256"
    Info (12134): Parameter "operation_mode" = "ROM"
    Info (12134): Parameter "outdata_aclr_a" = "NONE"
    Info (12134): Parameter "outdata_reg_a" = "CLOCK0"
    Info (12134): Parameter "widthad_a" = "8"
    Info (12134): Parameter "width_a" = "8"
    Info (12134): Parameter "width_byteena_a" = "1"
Info (12021): Found 1 design units, including 1 entities, in source file db/altsyncram_f191.tdf
    Info (12023): Found entity 1: altsyncram_f191
Info (12128): Elaborating entity "altsyncram_f191" for hierarchy "rom:inst13|altsyncram:altsyncram_component|altsyncram_f191:auto_generated"
Info (12128): Elaborating entity "dds" for hierarchy "dds:inst2"
Info (12128): Elaborating entity "adder" for hierarchy "dds:inst2|adder:a"
Info (12128): Elaborating entity "register" for hierarchy "dds:inst2|register:r"
Warning (13046): Tri-state node(s) do not directly drive top-level pin(s)
    Warning (13049): Converted tri-state buffer "wgp:inst|waveform[3]" feeding internal logic into a wire
    Warning (13049): Converted tri-state buffer "wgp:inst|waveform[2]" feeding internal logic into a wire
    Warning (13049): Converted tri-state buffer "wgp:inst|waveform[1]" feeding internal logic into a wire
    Warning (13049): Converted tri-state buffer "wgp:inst|waveform[0]" feeding internal logic into a wire
    Warning (13049): Converted tri-state buffer "wgp:inst|waveform[4]" feeding internal logic into a wire
    Warning (13049): Converted tri-state buffer "wgp:inst|waveform[5]" feeding internal logic into a wire
    Warning (13049): Converted tri-state buffer "wgp:inst|waveform[6]" feeding internal logic into a wire
    Warning (13049): Converted tri-state buffer "wgp:inst|waveform[7]" feeding internal logic into a wire
Info (278001): Inferred 1 megafunctions from design logic
    Info (278004): Inferred divider/modulo megafunction ("lpm_divide") from the following logic: "wgp:inst|Div0"
Info (12130): Elaborated megafunction instantiation "wgp:inst|lpm_divide:Div0"
Info (12133): Instantiated megafunction "wgp:inst|lpm_divide:Div0" with the following parameter:
    Info (12134): Parameter "LPM_WIDTHN" = "8"
    Info (12134): Parameter "LPM_WIDTHD" = "8"
    Info (12134): Parameter "LPM_NREPRESENTATION" = "UNSIGNED"
    Info (12134): Parameter "LPM_DREPRESENTATION" = "UNSIGNED"
Info (12021): Found 1 design units, including 1 entities, in source file db/lpm_divide_nhm.tdf
    Info (12023): Found entity 1: lpm_divide_nhm
Info (12021): Found 1 design units, including 1 entities, in source file db/sign_div_unsign_fkh.tdf
    Info (12023): Found entity 1: sign_div_unsign_fkh
Info (12021): Found 1 design units, including 1 entities, in source file db/alt_u_div_i4f.tdf
    Info (12023): Found entity 1: alt_u_div_i4f
Info (12021): Found 1 design units, including 1 entities, in source file db/add_sub_7pc.tdf
    Info (12023): Found entity 1: add_sub_7pc
Info (12021): Found 1 design units, including 1 entities, in source file db/add_sub_8pc.tdf
    Info (12023): Found entity 1: add_sub_8pc
Warning (13004): Presettable and clearable registers converted to equivalent circuits with latches. Registers power-up to an undefined state, and DEVCLRn places the registers in an undefined state.
    Warning (13310): Register "74193:inst6|25" is converted into an equivalent circuit using register "74193:inst6|25~_emulated" and latch "74193:inst6|25~1"
    Warning (13310): Register "74193:inst6|26" is converted into an equivalent circuit using register "74193:inst6|26~_emulated" and latch "74193:inst6|26~1"
    Warning (13310): Register "74193:inst6|24" is converted into an equivalent circuit using register "74193:inst6|24~_emulated" and latch "74193:inst6|24~1"
    Warning (13310): Register "74193:inst6|23" is converted into an equivalent circuit using register "74193:inst6|23~_emulated" and latch "74193:inst6|23~1"
    Warning (13310): Register "74193:inst7|25" is converted into an equivalent circuit using register "74193:inst7|25~_emulated" and latch "74193:inst7|25~1"
    Warning (13310): Register "74193:inst7|26" is converted into an equivalent circuit using register "74193:inst7|26~_emulated" and latch "74193:inst7|26~1"
    Warning (13310): Register "74193:inst7|24" is converted into an equivalent circuit using register "74193:inst7|24~_emulated" and latch "74193:inst7|24~1"
    Warning (13310): Register "74193:inst7|23" is converted into an equivalent circuit using register "74193:inst7|23~_emulated" and latch "74193:inst7|23~1"
Info (286030): Timing-Driven Synthesis is running
Info (17049): 8 registers lost all their fanouts during netlist optimizations.
Info (144001): Generated suppressed messages file C:/Users/SM2A/Documents/ModelSim Projects/lab3_Q/Frequency Selector/output_files/fs.map.smsg
Info (16010): Generating hard_block partition "hard_block:auto_generated_inst"
    Info (16011): Adding 0 node(s), including 0 DDIO, 0 PLL, 0 transceiver and 0 LCELL
Warning (21074): Design contains 2 input pin(s) that do not drive logic
    Warning (15610): No output dependent on input pin "sw[12]"
    Warning (15610): No output dependent on input pin "sw[11]"
Info (21057): Implemented 332 device resources after synthesis - the final resource count might be different
    Info (21058): Implemented 24 input pins
    Info (21059): Implemented 9 output pins
    Info (21061): Implemented 291 logic cells
    Info (21064): Implemented 8 RAM segments
Info: Quartus II 64-Bit Analysis & Synthesis was successful. 0 errors, 34 warnings
    Info: Peak virtual memory: 4596 megabytes
    Info: Processing ended: Sat May 22 13:41:20 2021
    Info: Elapsed time: 00:00:07
    Info: Total CPU time (on all processors): 00:00:06


+------------------------------------------+
; Analysis & Synthesis Suppressed Messages ;
+------------------------------------------+
The suppressed messages can be found in C:/Users/SM2A/Documents/ModelSim Projects/lab3_Q/Frequency Selector/output_files/fs.map.smsg.


